# JRE version: Java(TM) SE Runtime Environment (8.0_181-b13) (build 1.8.0_181-b13)
# Java VM: Java HotSpot(TM) 64-Bit Server VM (25.181-b13 mixed mode windows-amd64 compressed oops)
Heap:
 PSYoungGen      total 57344K, used 44440K [0x0000000780800000, 0x0000000784800000, 0x00000007c0000000)
  eden space 49152K, 76% used [0x0000000780800000,0x0000000782ce61e0,0x0000000783800000)
  from space 8192K, 81% used [0x0000000784000000,0x000000078467ffa8,0x0000000784800000)
  to   space 8192K, 0% used [0x0000000783800000,0x0000000783800000,0x0000000784000000)
 ParOldGen       total 131072K, used 24K [0x0000000701800000, 0x0000000709800000, 0x0000000780800000)
  object space 131072K, 0% used [0x0000000701800000,0x0000000701806000,0x0000000709800000)
 Metaspace       used 17078K, capacity 17620K, committed 17792K, reserved 1064960K
  class space    used 2210K, capacity 2342K, committed 2432K, reserved 1048576K
GC Heap History (4 events):
Event: 5.584 GC heap before
{Heap before GC invocations=1 (full 0):
 PSYoungGen      total 57344K, used 49152K [0x0000000780800000, 0x0000000784800000, 0x00000007c0000000)
  eden space 49152K, 100% used [0x0000000780800000,0x0000000783800000,0x0000000783800000)
  from space 8192K, 0% used [0x0000000784000000,0x0000000784000000,0x0000000784800000)
  to   space 8192K, 0% used [0x0000000783800000,0x0000000783800000,0x0000000784000000)
 ParOldGen       total 131072K, used 0K [0x0000000701800000, 0x0000000709800000, 0x0000000780800000)
  object space 131072K, 0% used [0x0000000701800000,0x0000000701800000,0x0000000709800000)
 Metaspace       used 9505K, capacity 9838K, committed 9984K, reserved 1058816K
  class space    used 1114K, capacity 1223K, committed 1280K, reserved 1048576K
Event: 5.596 GC heap after
Heap after GC invocations=1 (full 0):
 PSYoungGen      total 57344K, used 5578K [0x0000000780800000, 0x0000000784800000, 0x00000007c0000000)
  eden space 49152K, 0% used [0x0000000780800000,0x0000000780800000,0x0000000783800000)
  from space 8192K, 68% used [0x0000000783800000,0x0000000783d728a8,0x0000000784000000)
  to   space 8192K, 0% used [0x0000000784000000,0x0000000784000000,0x0000000784800000)
 ParOldGen       total 131072K, used 16K [0x0000000701800000, 0x0000000709800000, 0x0000000780800000)
  object space 131072K, 0% used [0x0000000701800000,0x0000000701804000,0x0000000709800000)
 Metaspace       used 9505K, capacity 9838K, committed 9984K, reserved 1058816K
  class space    used 1114K, capacity 1223K, committed 1280K, reserved 1048576K
}
Event: 6.993 GC heap before
{Heap before GC invocations=2 (full 0):
 PSYoungGen      total 57344K, used 54730K [0x0000000780800000, 0x0000000784800000, 0x00000007c0000000)
  eden space 49152K, 100% used [0x0000000780800000,0x0000000783800000,0x0000000783800000)
  from space 8192K, 68% used [0x0000000783800000,0x0000000783d728a8,0x0000000784000000)
  to   space 8192K, 0% used [0x0000000784000000,0x0000000784000000,0x0000000784800000)
 ParOldGen       total 131072K, used 16K [0x0000000701800000, 0x0000000709800000, 0x0000000780800000)
  object space 131072K, 0% used [0x0000000701800000,0x0000000701804000,0x0000000709800000)
 Metaspace       used 14693K, capacity 15036K, committed 15232K, reserved 1062912K
  class space    used 1777K, capacity 1882K, committed 1920K, reserved 1048576K
Event: 7.007 GC heap after
Heap after GC invocations=2 (full 0):
 PSYoungGen      total 57344K, used 6655K [0x0000000780800000, 0x0000000784800000, 0x00000007c0000000)
  eden space 49152K, 0% used [0x0000000780800000,0x0000000780800000,0x0000000783800000)
  from space 8192K, 81% used [0x0000000784000000,0x000000078467ffa8,0x0000000784800000)
  to   space 8192K, 0% used [0x0000000783800000,0x0000000783800000,0x0000000784000000)
 ParOldGen       total 131072K, used 24K [0x0000000701800000, 0x0000000709800000, 0x0000000780800000)
  object space 131072K, 0% used [0x0000000701800000,0x0000000701806000,0x0000000709800000)
 Metaspace       used 14693K, capacity 15036K, committed 15232K, reserved 1062912K
  class space    used 1777K, capacity 1882K, committed 1920K, reserved 1048576K
}

